<?xml version="1.0" encoding="UTF-8"?>
<!-- Generated by org.testng.reporters.JUnitXMLReporter -->
<testsuite ignored="0" hostname="DESKTOP-M2NN6CV" failures="2" tests="2" name="Test" time="24.02" errors="0" timestamp="2022-04-03T12:56:29 IST">
  <testcase classname="com.selenium.test.HomePageTest" name="testHomePage" time="4.938">
    <failure type="java.lang.IllegalAccessError" message="class com.pageObjects.SignUpPage (in unnamed module @0x701bc94e) cannot access class com.sun.tools.sjavac.Log (in module jdk.compiler) because module jdk.compiler does not export com.sun.tools.sjavac to unnamed module @0x701bc94e">
      <![CDATA[java.lang.IllegalAccessError: class com.pageObjects.SignUpPage (in unnamed module @0x701bc94e) cannot access class com.sun.tools.sjavac.Log (in module jdk.compiler) because module jdk.compiler does not export com.sun.tools.sjavac to unnamed module @0x701bc94e
at com.pageObjects.SignUpPage.signup(SignUpPage.java:39)
at com.pageObjects.LoginPage.login(LoginPage.java:40)
at com.selenium.test.HomePageTest.testHomePage(HomePageTest.java:16)
at java.base/java.util.ArrayList.forEach(ArrayList.java:1511)
... Removed 27 stack frames]]>
    </failure>
  </testcase> <!-- testHomePage -->
  <testcase classname="com.selenium.test.LoginPageTest" name="loginTest" time="7.593">
    <failure type="java.lang.IllegalAccessError" message="class com.pageObjects.SignUpPage (in unnamed module @0x701bc94e) cannot access class com.sun.tools.sjavac.Log (in module jdk.compiler) because module jdk.compiler does not export com.sun.tools.sjavac to unnamed module @0x701bc94e">
      <![CDATA[java.lang.IllegalAccessError: class com.pageObjects.SignUpPage (in unnamed module @0x701bc94e) cannot access class com.sun.tools.sjavac.Log (in module jdk.compiler) because module jdk.compiler does not export com.sun.tools.sjavac to unnamed module @0x701bc94e
at com.pageObjects.SignUpPage.signup(SignUpPage.java:39)
at com.pageObjects.LoginPage.login(LoginPage.java:40)
at com.selenium.test.LoginPageTest.loginTest(LoginPageTest.java:14)
at java.base/java.util.ArrayList.forEach(ArrayList.java:1511)
... Removed 27 stack frames]]>
    </failure>
  </testcase> <!-- loginTest -->
</testsuite> <!-- Test -->
